Using pre-set license
Built from '2020.3/staging' branch; Version is '2020.3.8f1 (507919d4fff5) revision 5273881'; Using compiler version '192528614'; Build Type 'Release'
OS: 'Windows 10 Pro; OS build 19042.804; Version 2009; 64bit' Language: 'en' Physical Memory: 8067 MB
BatchMode: 1, IsHumanControllingUs: 0, StartBugReporterOnCrash: 0, Is64bit: 1, IsPro: 0

 COMMAND LINE ARGUMENTS:
C:\Program Files\2020.3.8f1\Editor\Unity.exe
-adb2
-batchMode
-noUpm
-name
AssetImportWorker0
-projectPath
E:/Unity games/PixelBug/Android Notification
-logFile
Logs/AssetImportWorker0.log
-srvPort
57225
Successfully changed project path to: E:/Unity games/PixelBug/Android Notification
E:/Unity games/PixelBug/Android Notification
Using Asset Import Pipeline V2.
Refreshing native plugins compatible for Editor in 41.63 ms, found 1 plugins.
Preloading 0 native plugins for Editor in 0.00 ms.
Initialize engine version: 2020.3.8f1 (507919d4fff5)
[Subsystems] Discovering subsystems at path C:/Program Files/2020.3.8f1/Editor/Data/Resources/UnitySubsystems
[Subsystems] Discovering subsystems at path E:/Unity games/PixelBug/Android Notification/Assets
GfxDevice: creating device client; threaded=0
Direct3D:
    Version:  Direct3D 11.0 [level 11.1]
    Renderer: NVIDIA GeForce MX150 (ID=0x1d10)
    Vendor:   
    VRAM:     1983 MB
    Driver:   30.0.14.7111
Initialize mono
Mono path[0] = 'C:/Program Files/2020.3.8f1/Editor/Data/Managed'
Mono path[1] = 'C:/Program Files/2020.3.8f1/Editor/Data/MonoBleedingEdge/lib/mono/unityjit'
Mono config path = 'C:/Program Files/2020.3.8f1/Editor/Data/MonoBleedingEdge/etc'
Using monoOptions --debugger-agent=transport=dt_socket,embedding=1,server=y,suspend=n,address=127.0.0.1:56164
Begin MonoManager ReloadAssembly
Registering precompiled unity dll's ...
Register platform support module: C:/Program Files/2020.3.8f1/Editor/Data/PlaybackEngines/WindowsStandaloneSupport/UnityEditor.WindowsStandalone.Extensions.dll
Registered in 0.005826 seconds.
Native extension for WindowsStandalone target not found
Refreshing native plugins compatible for Editor in 42.30 ms, found 1 plugins.
Preloading 0 native plugins for Editor in 0.00 ms.
Mono: successfully reloaded assembly
- Completed reload, in  8.557 seconds
Platform modules already initialized, skipping
Registering precompiled user dll's ...
Registered in 0.019243 seconds.
Begin MonoManager ReloadAssembly
Native extension for WindowsStandalone target not found
Refreshing native plugins compatible for Editor in 39.40 ms, found 1 plugins.
Preloading 0 native plugins for Editor in 0.00 ms.
Mono: successfully reloaded assembly
- Completed reload, in  1.557 seconds
Platform modules already initialized, skipping
========================================================================
Worker process is ready to serve import requests
Launched and connected shader compiler UnityShaderCompiler.exe after 0.05 seconds
Refreshing native plugins compatible for Editor in 0.49 ms, found 1 plugins.
Preloading 0 native plugins for Editor in 0.00 ms.
Unloading 1854 Unused Serialized files (Serialized files now loaded: 0)
System memory in use before: 86.1 MB.
System memory in use after: 86.0 MB.

Unloading 37 unused Assets to reduce memory usage. Loaded Objects now: 2282.
Total: 2.224100 ms (FindLiveObjects: 0.186100 ms CreateObjectMapping: 0.061700 ms MarkObjects: 1.842600 ms  DeleteObjects: 0.132700 ms)

========================================================================
Received Import Request.
  path: Assets/Plugins/Android/gradleTemplate.properties
  artifactKey: Guid(504ad298a8c7b1346a3478a1163fa28a) Importer(815301076,1909f56bfc062723c751e8b465ee728b)
Start importing Assets/Plugins/Android/gradleTemplate.properties using Guid(504ad298a8c7b1346a3478a1163fa28a) Importer(815301076,1909f56bfc062723c751e8b465ee728b)  -> (artifact id: '119fd4a2214797a56bc77cb74daefc26') in 0.050073 seconds
  Import took 0.093617 seconds .

========================================================================
Received Prepare
Refreshing native plugins compatible for Editor in 3.64 ms, found 1 plugins.
Preloading 0 native plugins for Editor in 0.00 ms.
Unloading 23 Unused Serialized files (Serialized files now loaded: 0)
System memory in use before: 49.8 MB.
System memory in use after: 49.7 MB.

Unloading 23 unused Assets to reduce memory usage. Loaded Objects now: 2282.
Total: 2.910100 ms (FindLiveObjects: 0.250600 ms CreateObjectMapping: 0.133900 ms MarkObjects: 2.399100 ms  DeleteObjects: 0.125100 ms)

